<?xml version="1.0" encoding="UTF-8"?>
<coverage generated="1678471853455" clover="3.2.0">
  <project timestamp="1678471853455" name="All files">
    <metrics statements="48" coveredstatements="43" conditionals="8" coveredconditionals="8" methods="24" coveredmethods="22" elements="80" coveredelements="73" complexity="0" loc="48" ncloc="48" packages="1" files="7" classes="7"/>
    <file name="App.js" path="/Users/johngibbs15/Code/career-foundry-projects/meet/src/App.js">
      <metrics statements="12" coveredstatements="12" conditionals="4" coveredconditionals="4" methods="7" coveredmethods="7"/>
      <line num="9" count="6" type="stmt"/>
      <line num="15" count="6" type="stmt"/>
      <line num="16" count="6" type="stmt"/>
      <line num="17" count="6" type="cond" truecount="2" falsecount="0"/>
      <line num="18" count="4" type="stmt"/>
      <line num="24" count="4" type="stmt"/>
      <line num="27" count="6" type="stmt"/>
      <line num="28" count="2" type="stmt"/>
      <line num="30" count="2" type="cond" truecount="2" falsecount="0"/>
      <line num="32" count="2" type="stmt"/>
      <line num="33" count="2" type="stmt"/>
      <line num="40" count="12" type="stmt"/>
    </file>
    <file name="CitySearch.js" path="/Users/johngibbs15/Code/career-foundry-projects/meet/src/CitySearch.js">
      <metrics statements="15" coveredstatements="15" conditionals="2" coveredconditionals="2" methods="8" coveredmethods="8"/>
      <line num="7" count="5" type="stmt"/>
      <line num="13" count="5" type="stmt"/>
      <line num="14" count="2" type="stmt"/>
      <line num="15" count="2" type="stmt"/>
      <line num="16" count="2" type="stmt"/>
      <line num="17" count="4" type="stmt"/>
      <line num="19" count="2" type="stmt"/>
      <line num="25" count="5" type="stmt"/>
      <line num="26" count="4" type="stmt"/>
      <line num="30" count="4" type="stmt"/>
      <line num="33" count="22" type="stmt"/>
      <line num="41" count="1" type="stmt"/>
      <line num="51" count="17" type="stmt"/>
      <line num="53" count="2" type="stmt"/>
      <line num="58" count="1" type="stmt"/>
    </file>
    <file name="EventList.js" path="/Users/johngibbs15/Code/career-foundry-projects/meet/src/EventList.js">
      <metrics statements="3" coveredstatements="3" conditionals="0" coveredconditionals="0" methods="2" coveredmethods="2"/>
      <line num="8" count="8" type="stmt"/>
      <line num="9" count="8" type="stmt"/>
      <line num="12" count="7" type="stmt"/>
    </file>
    <file name="NumberOfEvents.js" path="/Users/johngibbs15/Code/career-foundry-projects/meet/src/NumberOfEvents.js">
      <metrics statements="6" coveredstatements="4" conditionals="2" coveredconditionals="2" methods="4" coveredmethods="2"/>
      <line num="6" count="4" type="stmt"/>
      <line num="9" count="4" type="cond" truecount="2" falsecount="0"/>
      <line num="13" count="0" type="stmt"/>
      <line num="16" count="12" type="stmt"/>
      <line num="17" count="12" type="stmt"/>
      <line num="27" count="0" type="stmt"/>
    </file>
    <file name="api.js" path="/Users/johngibbs15/Code/career-foundry-projects/meet/src/api.js">
      <metrics statements="6" coveredstatements="6" conditionals="0" coveredconditionals="0" methods="3" coveredmethods="3"/>
      <line num="10" count="2" type="stmt"/>
      <line num="11" count="18" type="stmt"/>
      <line num="12" count="9" type="stmt"/>
      <line num="13" count="9" type="stmt"/>
      <line num="16" count="2" type="stmt"/>
      <line num="17" count="10" type="stmt"/>
    </file>
    <file name="index.js" path="/Users/johngibbs15/Code/career-foundry-projects/meet/src/index.js">
      <metrics statements="3" coveredstatements="0" conditionals="0" coveredconditionals="0" methods="0" coveredmethods="0"/>
      <line num="8" count="0" type="stmt"/>
      <line num="18" count="0" type="stmt"/>
      <line num="23" count="0" type="stmt"/>
    </file>
    <file name="mock-data.js" path="/Users/johngibbs15/Code/career-foundry-projects/meet/src/mock-data.js">
      <metrics statements="3" coveredstatements="3" conditionals="0" coveredconditionals="0" methods="0" coveredmethods="0"/>
      <line num="1" count="2" type="stmt"/>
      <line num="86" count="2" type="stmt"/>
      <line num="90" count="2" type="stmt"/>
    </file>
  </project>
</coverage>
