{"/Users/johngibbs15/Code/career-foundry-projects/meet/src/App.js": {"path":"/Users/johngibbs15/Code/career-foundry-projects/meet/src/App.js","statementMap":{"0":{"start":{"line":8,"column":4},"end":{"line":14,"column":6}}},"fnMap":{"0":{"name":"App","decl":{"start":{"line":7,"column":9},"end":{"line":7,"column":12}},"loc":{"start":{"line":7,"column":15},"end":{"line":15,"column":1}},"line":7}},"branchMap":{},"s":{"0":2},"f":{"0":2},"b":{},"_coverageSchema":"1a1c01bbd47fc00a2c39e90264f33305004495a9","hash":"6e1caf7199eab5ceea7657a8d8e007d4c4113ca6"}
,"/Users/johngibbs15/Code/career-foundry-projects/meet/src/CitySearch.js": {"path":"/Users/johngibbs15/Code/career-foundry-projects/meet/src/CitySearch.js","statementMap":{"0":{"start":{"line":7,"column":12},"end":{"line":10,"column":5}},"1":{"start":{"line":11,"column":25},"end":{"line":21,"column":5}},"2":{"start":{"line":12,"column":26},"end":{"line":12,"column":38}},"3":{"start":{"line":13,"column":26},"end":{"line":13,"column":52}},"4":{"start":{"line":14,"column":28},"end":{"line":16,"column":10}},"5":{"start":{"line":15,"column":12},"end":{"line":15,"column":76}},"6":{"start":{"line":17,"column":8},"end":{"line":20,"column":11}},"7":{"start":{"line":23,"column":24},"end":{"line":27,"column":5}},"8":{"start":{"line":24,"column":8},"end":{"line":26,"column":11}},"9":{"start":{"line":29,"column":8},"end":{"line":51,"column":10}},"10":{"start":{"line":39,"column":24},"end":{"line":44,"column":29}},"11":{"start":{"line":41,"column":43},"end":{"line":41,"column":77}}},"fnMap":{"0":{"name":"(anonymous_0)","decl":{"start":{"line":11,"column":25},"end":{"line":11,"column":26}},"loc":{"start":{"line":11,"column":36},"end":{"line":21,"column":5}},"line":11},"1":{"name":"(anonymous_1)","decl":{"start":{"line":14,"column":45},"end":{"line":14,"column":46}},"loc":{"start":{"line":14,"column":59},"end":{"line":16,"column":9}},"line":14},"2":{"name":"(anonymous_2)","decl":{"start":{"line":23,"column":24},"end":{"line":23,"column":25}},"loc":{"start":{"line":23,"column":40},"end":{"line":27,"column":5}},"line":23},"3":{"name":"(anonymous_3)","decl":{"start":{"line":28,"column":4},"end":{"line":28,"column":5}},"loc":{"start":{"line":28,"column":13},"end":{"line":52,"column":5}},"line":28},"4":{"name":"(anonymous_4)","decl":{"start":{"line":38,"column":48},"end":{"line":38,"column":49}},"loc":{"start":{"line":39,"column":24},"end":{"line":44,"column":29}},"line":39},"5":{"name":"(anonymous_5)","decl":{"start":{"line":41,"column":37},"end":{"line":41,"column":38}},"loc":{"start":{"line":41,"column":43},"end":{"line":41,"column":77}},"line":41}},"branchMap":{},"s":{"0":1,"1":1,"2":2,"3":2,"4":2,"5":4,"6":2,"7":1,"8":1,"9":8,"10":6,"11":1},"f":{"0":2,"1":4,"2":1,"3":8,"4":6,"5":1},"b":{},"_coverageSchema":"1a1c01bbd47fc00a2c39e90264f33305004495a9","hash":"f9e35d8e660f52b7d5f5bac2dc91f561060ae844"}
,"/Users/johngibbs15/Code/career-foundry-projects/meet/src/Event.js": {"path":"/Users/johngibbs15/Code/career-foundry-projects/meet/src/Event.js","statementMap":{"0":{"start":{"line":7,"column":12},"end":{"line":7,"column":31}},"1":{"start":{"line":8,"column":20},"end":{"line":12,"column":5}},"2":{"start":{"line":9,"column":8},"end":{"line":11,"column":12}},"3":{"start":{"line":9,"column":38},"end":{"line":11,"column":9}},"4":{"start":{"line":14,"column":26},"end":{"line":14,"column":36}},"5":{"start":{"line":15,"column":30},"end":{"line":15,"column":40}},"6":{"start":{"line":16,"column":8},"end":{"line":31,"column":10}}},"fnMap":{"0":{"name":"(anonymous_0)","decl":{"start":{"line":8,"column":20},"end":{"line":8,"column":21}},"loc":{"start":{"line":8,"column":26},"end":{"line":12,"column":5}},"line":8},"1":{"name":"(anonymous_1)","decl":{"start":{"line":9,"column":22},"end":{"line":9,"column":23}},"loc":{"start":{"line":9,"column":38},"end":{"line":11,"column":9}},"line":9},"2":{"name":"(anonymous_2)","decl":{"start":{"line":13,"column":4},"end":{"line":13,"column":5}},"loc":{"start":{"line":13,"column":13},"end":{"line":32,"column":5}},"line":13}},"branchMap":{},"s":{"0":0,"1":0,"2":0,"3":0,"4":0,"5":0,"6":0},"f":{"0":0,"1":0,"2":0},"b":{},"_coverageSchema":"1a1c01bbd47fc00a2c39e90264f33305004495a9","hash":"c3d594fe2c41a34ce2054534a9fddccbbcacb97d"}
,"/Users/johngibbs15/Code/career-foundry-projects/meet/src/EventList.js": {"path":"/Users/johngibbs15/Code/career-foundry-projects/meet/src/EventList.js","statementMap":{"0":{"start":{"line":7,"column":27},"end":{"line":7,"column":37}},"1":{"start":{"line":8,"column":8},"end":{"line":16,"column":10}},"2":{"start":{"line":11,"column":20},"end":{"line":13,"column":25}}},"fnMap":{"0":{"name":"(anonymous_0)","decl":{"start":{"line":6,"column":4},"end":{"line":6,"column":5}},"loc":{"start":{"line":6,"column":13},"end":{"line":17,"column":5}},"line":6},"1":{"name":"(anonymous_1)","decl":{"start":{"line":10,"column":28},"end":{"line":10,"column":29}},"loc":{"start":{"line":11,"column":20},"end":{"line":13,"column":25}},"line":11}},"branchMap":{},"s":{"0":1,"1":1,"2":2},"f":{"0":1,"1":2},"b":{},"_coverageSchema":"1a1c01bbd47fc00a2c39e90264f33305004495a9","hash":"20db9d6da7cf6aa9e5b5df2ba34e706c10ec1e9d"}
,"/Users/johngibbs15/Code/career-foundry-projects/meet/src/NumberOfEvents.js": {"path":"/Users/johngibbs15/Code/career-foundry-projects/meet/src/NumberOfEvents.js","statementMap":{"0":{"start":{"line":7,"column":8},"end":{"line":14,"column":10}}},"fnMap":{"0":{"name":"(anonymous_0)","decl":{"start":{"line":6,"column":4},"end":{"line":6,"column":5}},"loc":{"start":{"line":6,"column":13},"end":{"line":15,"column":5}},"line":6}},"branchMap":{},"s":{"0":2},"f":{"0":2},"b":{},"_coverageSchema":"1a1c01bbd47fc00a2c39e90264f33305004495a9","hash":"8f21dc6301bdfd8f23b1cb279dae21744042b5bc"}
,"/Users/johngibbs15/Code/career-foundry-projects/meet/src/api.js": {"path":"/Users/johngibbs15/Code/career-foundry-projects/meet/src/api.js","statementMap":{"0":{"start":{"line":9,"column":32},"end":{"line":13,"column":1}},"1":{"start":{"line":10,"column":27},"end":{"line":10,"column":64}},"2":{"start":{"line":10,"column":49},"end":{"line":10,"column":63}},"3":{"start":{"line":11,"column":20},"end":{"line":11,"column":50}},"4":{"start":{"line":12,"column":4},"end":{"line":12,"column":21}}},"fnMap":{"0":{"name":"(anonymous_0)","decl":{"start":{"line":9,"column":32},"end":{"line":9,"column":33}},"loc":{"start":{"line":9,"column":44},"end":{"line":13,"column":1}},"line":9},"1":{"name":"(anonymous_1)","decl":{"start":{"line":10,"column":38},"end":{"line":10,"column":39}},"loc":{"start":{"line":10,"column":49},"end":{"line":10,"column":63}},"line":10}},"branchMap":{},"s":{"0":2,"1":4,"2":8,"3":4,"4":4},"f":{"0":4,"1":8},"b":{},"_coverageSchema":"1a1c01bbd47fc00a2c39e90264f33305004495a9","hash":"17e7ba090427d58c8e08ff87c98b935f3a68e340"}
,"/Users/johngibbs15/Code/career-foundry-projects/meet/src/mock-data.js": {"path":"/Users/johngibbs15/Code/career-foundry-projects/meet/src/mock-data.js","statementMap":{"0":{"start":{"line":1,"column":17},"end":{"line":84,"column":1}},"1":{"start":{"line":86,"column":0},"end":{"line":86,"column":37}},"2":{"start":{"line":90,"column":0},"end":{"line":90,"column":22}}},"fnMap":{},"branchMap":{},"s":{"0":3,"1":3,"2":3},"f":{},"b":{},"_coverageSchema":"1a1c01bbd47fc00a2c39e90264f33305004495a9","hash":"c9c437116344a80e9ccaf3418c806b6310569592"}
}
