{"/Users/johngibbs15/Code/career-foundry-projects/meet/src/App.js": {"path":"/Users/johngibbs15/Code/career-foundry-projects/meet/src/App.js","statementMap":{"0":{"start":{"line":9,"column":12},"end":{"line":12,"column":5}},"1":{"start":{"line":15,"column":8},"end":{"line":15,"column":28}},"2":{"start":{"line":16,"column":8},"end":{"line":20,"column":11}},"3":{"start":{"line":17,"column":12},"end":{"line":19,"column":13}},"4":{"start":{"line":18,"column":16},"end":{"line":18,"column":79}},"5":{"start":{"line":24,"column":8},"end":{"line":24,"column":29}},"6":{"start":{"line":27,"column":19},"end":{"line":37,"column":5}},"7":{"start":{"line":28,"column":8},"end":{"line":36,"column":11}},"8":{"start":{"line":30,"column":16},"end":{"line":32,"column":75}},"9":{"start":{"line":32,"column":47},"end":{"line":32,"column":74}},"10":{"start":{"line":33,"column":12},"end":{"line":35,"column":15}},"11":{"start":{"line":40,"column":8},"end":{"line":49,"column":10}}},"fnMap":{"0":{"name":"(anonymous_0)","decl":{"start":{"line":14,"column":4},"end":{"line":14,"column":5}},"loc":{"start":{"line":14,"column":24},"end":{"line":21,"column":5}},"line":14},"1":{"name":"(anonymous_1)","decl":{"start":{"line":16,"column":25},"end":{"line":16,"column":26}},"loc":{"start":{"line":16,"column":37},"end":{"line":20,"column":9}},"line":16},"2":{"name":"(anonymous_2)","decl":{"start":{"line":23,"column":4},"end":{"line":23,"column":5}},"loc":{"start":{"line":23,"column":27},"end":{"line":25,"column":5}},"line":23},"3":{"name":"(anonymous_3)","decl":{"start":{"line":27,"column":19},"end":{"line":27,"column":20}},"loc":{"start":{"line":27,"column":33},"end":{"line":37,"column":5}},"line":27},"4":{"name":"(anonymous_4)","decl":{"start":{"line":28,"column":25},"end":{"line":28,"column":26}},"loc":{"start":{"line":28,"column":37},"end":{"line":36,"column":9}},"line":28},"5":{"name":"(anonymous_5)","decl":{"start":{"line":32,"column":36},"end":{"line":32,"column":37}},"loc":{"start":{"line":32,"column":47},"end":{"line":32,"column":74}},"line":32},"6":{"name":"(anonymous_6)","decl":{"start":{"line":39,"column":4},"end":{"line":39,"column":5}},"loc":{"start":{"line":39,"column":13},"end":{"line":50,"column":5}},"line":39}},"branchMap":{"0":{"loc":{"start":{"line":17,"column":12},"end":{"line":19,"column":13}},"type":"if","locations":[{"start":{"line":17,"column":12},"end":{"line":19,"column":13}},{"start":{},"end":{}}],"line":17},"1":{"loc":{"start":{"line":30,"column":16},"end":{"line":32,"column":75}},"type":"cond-expr","locations":[{"start":{"line":31,"column":22},"end":{"line":31,"column":28}},{"start":{"line":32,"column":22},"end":{"line":32,"column":75}}],"line":30}},"s":{"0":6,"1":6,"2":6,"3":6,"4":4,"5":4,"6":6,"7":2,"8":2,"9":2,"10":2,"11":12},"f":{"0":6,"1":6,"2":4,"3":2,"4":2,"5":2,"6":12},"b":{"0":[4,2],"1":[1,1]},"_coverageSchema":"1a1c01bbd47fc00a2c39e90264f33305004495a9","hash":"559cd47feacd41af5ccdc273486769bebb19221b"}
,"/Users/johngibbs15/Code/career-foundry-projects/meet/src/CitySearch.js": {"path":"/Users/johngibbs15/Code/career-foundry-projects/meet/src/CitySearch.js","statementMap":{"0":{"start":{"line":7,"column":12},"end":{"line":11,"column":5}},"1":{"start":{"line":13,"column":25},"end":{"line":23,"column":5}},"2":{"start":{"line":14,"column":26},"end":{"line":14,"column":38}},"3":{"start":{"line":15,"column":26},"end":{"line":15,"column":52}},"4":{"start":{"line":16,"column":28},"end":{"line":18,"column":10}},"5":{"start":{"line":17,"column":12},"end":{"line":17,"column":76}},"6":{"start":{"line":19,"column":8},"end":{"line":22,"column":11}},"7":{"start":{"line":25,"column":24},"end":{"line":31,"column":5}},"8":{"start":{"line":26,"column":8},"end":{"line":29,"column":11}},"9":{"start":{"line":30,"column":8},"end":{"line":30,"column":44}},"10":{"start":{"line":33,"column":8},"end":{"line":63,"column":10}},"11":{"start":{"line":41,"column":24},"end":{"line":41,"column":65}},"12":{"start":{"line":51,"column":24},"end":{"line":56,"column":29}},"13":{"start":{"line":53,"column":43},"end":{"line":53,"column":77}},"14":{"start":{"line":58,"column":49},"end":{"line":58,"column":78}}},"fnMap":{"0":{"name":"(anonymous_0)","decl":{"start":{"line":13,"column":25},"end":{"line":13,"column":26}},"loc":{"start":{"line":13,"column":36},"end":{"line":23,"column":5}},"line":13},"1":{"name":"(anonymous_1)","decl":{"start":{"line":16,"column":45},"end":{"line":16,"column":46}},"loc":{"start":{"line":16,"column":59},"end":{"line":18,"column":9}},"line":16},"2":{"name":"(anonymous_2)","decl":{"start":{"line":25,"column":24},"end":{"line":25,"column":25}},"loc":{"start":{"line":25,"column":40},"end":{"line":31,"column":5}},"line":25},"3":{"name":"(anonymous_3)","decl":{"start":{"line":32,"column":4},"end":{"line":32,"column":5}},"loc":{"start":{"line":32,"column":13},"end":{"line":64,"column":5}},"line":32},"4":{"name":"(anonymous_4)","decl":{"start":{"line":40,"column":29},"end":{"line":40,"column":30}},"loc":{"start":{"line":40,"column":35},"end":{"line":42,"column":21}},"line":40},"5":{"name":"(anonymous_5)","decl":{"start":{"line":50,"column":48},"end":{"line":50,"column":49}},"loc":{"start":{"line":51,"column":24},"end":{"line":56,"column":29}},"line":51},"6":{"name":"(anonymous_6)","decl":{"start":{"line":53,"column":37},"end":{"line":53,"column":38}},"loc":{"start":{"line":53,"column":43},"end":{"line":53,"column":77}},"line":53},"7":{"name":"(anonymous_7)","decl":{"start":{"line":58,"column":43},"end":{"line":58,"column":44}},"loc":{"start":{"line":58,"column":49},"end":{"line":58,"column":78}},"line":58}},"branchMap":{"0":{"loc":{"start":{"line":47,"column":24},"end":{"line":47,"column":77}},"type":"cond-expr","locations":[{"start":{"line":47,"column":53},"end":{"line":47,"column":55}},{"start":{"line":47,"column":58},"end":{"line":47,"column":77}}],"line":47}},"s":{"0":5,"1":5,"2":2,"3":2,"4":2,"5":4,"6":2,"7":5,"8":4,"9":4,"10":22,"11":1,"12":17,"13":2,"14":1},"f":{"0":2,"1":4,"2":4,"3":22,"4":1,"5":17,"6":2,"7":1},"b":{"0":[1,21]},"_coverageSchema":"1a1c01bbd47fc00a2c39e90264f33305004495a9","hash":"e685390ed7a04009f0f22eb4ea818c6595a3d4e1"}
,"/Users/johngibbs15/Code/career-foundry-projects/meet/src/EventList.js": {"path":"/Users/johngibbs15/Code/career-foundry-projects/meet/src/EventList.js","statementMap":{"0":{"start":{"line":8,"column":27},"end":{"line":8,"column":37}},"1":{"start":{"line":9,"column":8},"end":{"line":17,"column":10}},"2":{"start":{"line":12,"column":20},"end":{"line":14,"column":25}}},"fnMap":{"0":{"name":"(anonymous_0)","decl":{"start":{"line":7,"column":4},"end":{"line":7,"column":5}},"loc":{"start":{"line":7,"column":13},"end":{"line":18,"column":5}},"line":7},"1":{"name":"(anonymous_1)","decl":{"start":{"line":11,"column":28},"end":{"line":11,"column":29}},"loc":{"start":{"line":12,"column":20},"end":{"line":14,"column":25}},"line":12}},"branchMap":{},"s":{"0":8,"1":8,"2":7},"f":{"0":8,"1":7},"b":{},"_coverageSchema":"1a1c01bbd47fc00a2c39e90264f33305004495a9","hash":"d601028401f5a1f188897401e55ba14a6359d639"}
,"/Users/johngibbs15/Code/career-foundry-projects/meet/src/NumberOfEvents.js": {"path":"/Users/johngibbs15/Code/career-foundry-projects/meet/src/NumberOfEvents.js","statementMap":{"0":{"start":{"line":6,"column":12},"end":{"line":6,"column":34}},"1":{"start":{"line":9,"column":8},"end":{"line":9,"column":75}},"2":{"start":{"line":13,"column":8},"end":{"line":13,"column":50}},"3":{"start":{"line":16,"column":35},"end":{"line":16,"column":45}},"4":{"start":{"line":17,"column":8},"end":{"line":32,"column":10}},"5":{"start":{"line":27,"column":28},"end":{"line":27,"column":66}}},"fnMap":{"0":{"name":"(anonymous_0)","decl":{"start":{"line":8,"column":4},"end":{"line":8,"column":5}},"loc":{"start":{"line":8,"column":24},"end":{"line":10,"column":5}},"line":8},"1":{"name":"(anonymous_1)","decl":{"start":{"line":12,"column":4},"end":{"line":12,"column":5}},"loc":{"start":{"line":12,"column":25},"end":{"line":14,"column":5}},"line":12},"2":{"name":"(anonymous_2)","decl":{"start":{"line":15,"column":4},"end":{"line":15,"column":5}},"loc":{"start":{"line":15,"column":13},"end":{"line":33,"column":5}},"line":15},"3":{"name":"(anonymous_3)","decl":{"start":{"line":26,"column":34},"end":{"line":26,"column":35}},"loc":{"start":{"line":26,"column":45},"end":{"line":28,"column":25}},"line":26}},"branchMap":{"0":{"loc":{"start":{"line":9,"column":40},"end":{"line":9,"column":71}},"type":"binary-expr","locations":[{"start":{"line":9,"column":40},"end":{"line":9,"column":65}},{"start":{"line":9,"column":69},"end":{"line":9,"column":71}}],"line":9}},"s":{"0":4,"1":4,"2":0,"3":12,"4":12,"5":0},"f":{"0":4,"1":0,"2":12,"3":0},"b":{"0":[4,4]},"_coverageSchema":"1a1c01bbd47fc00a2c39e90264f33305004495a9","hash":"a05e382dfe958dd56223b1e1c825b70af03062ef"}
,"/Users/johngibbs15/Code/career-foundry-projects/meet/src/api.js": {"path":"/Users/johngibbs15/Code/career-foundry-projects/meet/src/api.js","statementMap":{"0":{"start":{"line":10,"column":32},"end":{"line":14,"column":1}},"1":{"start":{"line":11,"column":27},"end":{"line":11,"column":64}},"2":{"start":{"line":11,"column":49},"end":{"line":11,"column":63}},"3":{"start":{"line":12,"column":20},"end":{"line":12,"column":50}},"4":{"start":{"line":13,"column":4},"end":{"line":13,"column":21}},"5":{"start":{"line":16,"column":25},"end":{"line":18,"column":1}},"6":{"start":{"line":17,"column":4},"end":{"line":17,"column":20}}},"fnMap":{"0":{"name":"(anonymous_0)","decl":{"start":{"line":10,"column":32},"end":{"line":10,"column":33}},"loc":{"start":{"line":10,"column":44},"end":{"line":14,"column":1}},"line":10},"1":{"name":"(anonymous_1)","decl":{"start":{"line":11,"column":38},"end":{"line":11,"column":39}},"loc":{"start":{"line":11,"column":49},"end":{"line":11,"column":63}},"line":11},"2":{"name":"(anonymous_2)","decl":{"start":{"line":16,"column":25},"end":{"line":16,"column":26}},"loc":{"start":{"line":16,"column":37},"end":{"line":18,"column":1}},"line":16}},"branchMap":{},"s":{"0":2,"1":9,"2":18,"3":9,"4":9,"5":2,"6":10},"f":{"0":9,"1":18,"2":10},"b":{},"_coverageSchema":"1a1c01bbd47fc00a2c39e90264f33305004495a9","hash":"1963b4f66796e24a76733a2d965774a9b222f931"}
,"/Users/johngibbs15/Code/career-foundry-projects/meet/src/index.js": {"path":"/Users/johngibbs15/Code/career-foundry-projects/meet/src/index.js","statementMap":{"0":{"start":{"line":8,"column":0},"end":{"line":13,"column":2}},"1":{"start":{"line":18,"column":0},"end":{"line":18,"column":37}},"2":{"start":{"line":23,"column":0},"end":{"line":23,"column":18}}},"fnMap":{},"branchMap":{},"s":{"0":0,"1":0,"2":0},"f":{},"b":{}}
,"/Users/johngibbs15/Code/career-foundry-projects/meet/src/mock-data.js": {"path":"/Users/johngibbs15/Code/career-foundry-projects/meet/src/mock-data.js","statementMap":{"0":{"start":{"line":1,"column":17},"end":{"line":84,"column":1}},"1":{"start":{"line":86,"column":0},"end":{"line":86,"column":37}},"2":{"start":{"line":90,"column":0},"end":{"line":90,"column":22}}},"fnMap":{},"branchMap":{},"s":{"0":2,"1":2,"2":2},"f":{},"b":{},"_coverageSchema":"1a1c01bbd47fc00a2c39e90264f33305004495a9","hash":"c9c437116344a80e9ccaf3418c806b6310569592"}
}
