TN:
SF:src/App.js
FN:14,(anonymous_0)
FN:16,(anonymous_1)
FN:23,(anonymous_2)
FN:27,(anonymous_3)
FN:28,(anonymous_4)
FN:32,(anonymous_5)
FN:39,(anonymous_6)
FNF:7
FNH:7
FNDA:6,(anonymous_0)
FNDA:6,(anonymous_1)
FNDA:4,(anonymous_2)
FNDA:2,(anonymous_3)
FNDA:2,(anonymous_4)
FNDA:2,(anonymous_5)
FNDA:12,(anonymous_6)
DA:9,6
DA:15,6
DA:16,6
DA:17,6
DA:18,4
DA:24,4
DA:27,6
DA:28,2
DA:30,2
DA:32,2
DA:33,2
DA:40,12
LF:12
LH:12
BRDA:17,0,0,4
BRDA:17,0,1,2
BRDA:30,1,0,1
BRDA:30,1,1,1
BRF:4
BRH:4
end_of_record
TN:
SF:src/CitySearch.js
FN:13,(anonymous_0)
FN:16,(anonymous_1)
FN:25,(anonymous_2)
FN:32,(anonymous_3)
FN:40,(anonymous_4)
FN:50,(anonymous_5)
FN:53,(anonymous_6)
FN:58,(anonymous_7)
FNF:8
FNH:8
FNDA:2,(anonymous_0)
FNDA:4,(anonymous_1)
FNDA:4,(anonymous_2)
FNDA:22,(anonymous_3)
FNDA:1,(anonymous_4)
FNDA:17,(anonymous_5)
FNDA:2,(anonymous_6)
FNDA:1,(anonymous_7)
DA:7,5
DA:13,5
DA:14,2
DA:15,2
DA:16,2
DA:17,4
DA:19,2
DA:25,5
DA:26,4
DA:30,4
DA:33,22
DA:41,1
DA:51,17
DA:53,2
DA:58,1
LF:15
LH:15
BRDA:47,0,0,1
BRDA:47,0,1,21
BRF:2
BRH:2
end_of_record
TN:
SF:src/EventList.js
FN:7,(anonymous_0)
FN:11,(anonymous_1)
FNF:2
FNH:2
FNDA:8,(anonymous_0)
FNDA:7,(anonymous_1)
DA:8,8
DA:9,8
DA:12,7
LF:3
LH:3
BRF:0
BRH:0
end_of_record
TN:
SF:src/NumberOfEvents.js
FN:8,(anonymous_0)
FN:12,(anonymous_1)
FN:15,(anonymous_2)
FN:26,(anonymous_3)
FNF:4
FNH:2
FNDA:4,(anonymous_0)
FNDA:0,(anonymous_1)
FNDA:12,(anonymous_2)
FNDA:0,(anonymous_3)
DA:6,4
DA:9,4
DA:13,0
DA:16,12
DA:17,12
DA:27,0
LF:6
LH:4
BRDA:9,0,0,4
BRDA:9,0,1,4
BRF:2
BRH:2
end_of_record
TN:
SF:src/api.js
FN:10,(anonymous_0)
FN:11,(anonymous_1)
FN:16,(anonymous_2)
FNF:3
FNH:3
FNDA:9,(anonymous_0)
FNDA:18,(anonymous_1)
FNDA:10,(anonymous_2)
DA:10,2
DA:11,18
DA:12,9
DA:13,9
DA:16,2
DA:17,10
LF:6
LH:6
BRF:0
BRH:0
end_of_record
TN:
SF:src/index.js
FNF:0
FNH:0
DA:8,0
DA:18,0
DA:23,0
LF:3
LH:0
BRF:0
BRH:0
end_of_record
TN:
SF:src/mock-data.js
FNF:0
FNH:0
DA:1,2
DA:86,2
DA:90,2
LF:3
LH:3
BRF:0
BRH:0
end_of_record
